<?xml version="1.0" encoding="utf-8"?><testsuites name="pytest tests"><testsuite name="pytest" errors="0" failures="0" skipped="0" tests="8" time="2.059" timestamp="2026-08-19T17:49:59.137789+00:00" hostname="agent-env-7c06cbb2-fee5-4808-bc6a-754872b7cde2"><testcase classname="tests.test_api_core" name="test_root_ready" time="0.217" /><testcase classname="tests.test_api_core" name="test_public_incidents_list" time="0.206" /><testcase classname="tests.test_api_core" name="test_auth_me_requires_token" time="0.164" /><testcase classname="tests.test_api_core" name="test_auth_me_with_qa_token" time="0.146" /><testcase classname="tests.test_api_core" name="test_create_incident_requires_auth" time="0.167" /><testcase classname="tests.test_api_core" name="test_create_incident_and_verify_in_list" time="0.362" /><testcase classname="tests.test_api_core" name="test_sos_idempotency_client_event_id" time="0.217" /><testcase classname="tests.test_api_core" name="test_nearby_alerts_radius" time="0.173" /></testsuite></testsuites>