<?xml version="1.0" encoding="utf-8"?><testsuites name="pytest tests"><testsuite name="pytest" errors="0" failures="0" skipped="0" tests="16" time="4.190" timestamp="2026-08-19T18:10:43.786932+00:00" hostname="agent-env-7c06cbb2-fee5-4808-bc6a-754872b7cde2"><testcase classname="tests.test_incident_media_workflow" name="test_upload_incident_photo_requires_auth" time="0.246" /><testcase classname="tests.test_api_core" name="test_root_ready" time="0.164" /><testcase classname="tests.test_api_core" name="test_public_incidents_list" time="0.164" /><testcase classname="tests.test_incident_media_workflow" name="test_upload_incident_photo_rejects_unsupported_format" time="0.122" /><testcase classname="tests.test_api_core" name="test_auth_me_requires_token" time="0.135" /><testcase classname="tests.test_incident_media_workflow" name="test_upload_incident_photo_rejects_oversized_file" time="1.042" /><testcase classname="tests.test_api_core" name="test_auth_me_with_qa_token" time="0.209" /><testcase classname="tests.test_api_core" name="test_create_incident_requires_auth" time="0.133" /><testcase classname="tests.test_api_core" name="test_create_incident_and_verify_in_list" time="0.195" /><testcase classname="tests.test_api_core" name="test_sos_idempotency_client_event_id" time="0.218" /><testcase classname="tests.test_api_core" name="test_nearby_alerts_radius" time="0.143" /><testcase classname="tests.test_incident_media_workflow" name="test_upload_incident_photo_success_returns_file_metadata" time="0.317" /><testcase classname="tests.test_incident_media_workflow" name="test_download_file_requires_auth" time="0.639" /><testcase classname="tests.test_incident_media_workflow" name="test_download_file_success_for_owner" time="0.776" /><testcase classname="tests.test_incident_media_workflow" name="test_download_file_not_found_for_unknown_id" time="0.161" /><testcase classname="tests.test_incident_media_workflow" name="test_create_incident_persists_media_and_fields" time="0.512" /></testsuite></testsuites>